> Task :core:checkKotlinGradlePluginConfigurationErrors SKIPPED
> Task :core:compileKotlinJvm UP-TO-DATE
> Task :core:jvmProcessResources NO-SOURCE
> Task :core:jvmMainClasses UP-TO-DATE
> Task :core:jvmJar UP-TO-DATE
> Task :server:checkKotlinGradlePluginConfigurationErrors SKIPPED
> Task :server:compileKotlin UP-TO-DATE
> Task :server:compileJava NO-SOURCE
> Task :server:processResources UP-TO-DATE
> Task :server:classes UP-TO-DATE
> Task :server:shadowJar UP-TO-DATE

BUILD SUCCESSFUL in 621ms
5 actionable tasks: 5 up-to-date
> Task :core:checkKotlinGradlePluginConfigurationErrors SKIPPED
> Task :core:compileKotlinJvm UP-TO-DATE
> Task :core:jvmProcessResources NO-SOURCE
> Task :core:jvmMainClasses UP-TO-DATE
> Task :core:jvmJar UP-TO-DATE
> Task :server:checkKotlinGradlePluginConfigurationErrors SKIPPED
> Task :server:compileKotlin UP-TO-DATE
> Task :server:compileJava NO-SOURCE
> Task :server:processResources UP-TO-DATE
> Task :server:classes UP-TO-DATE
> Task :server:shadowJar UP-TO-DATE

BUILD SUCCESSFUL in 690ms
5 actionable tasks: 5 up-to-date
> Task :core:checkKotlinGradlePluginConfigurationErrors SKIPPED
> Task :core:compileKotlinJvm UP-TO-DATE
> Task :core:jvmProcessResources NO-SOURCE
> Task :core:jvmMainClasses UP-TO-DATE
> Task :core:jvmJar UP-TO-DATE
> Task :server:checkKotlinGradlePluginConfigurationErrors SKIPPED
> Task :server:compileKotlin UP-TO-DATE
> Task :server:compileJava NO-SOURCE
> Task :server:processResources UP-TO-DATE
> Task :server:classes UP-TO-DATE
> Task :server:shadowJar UP-TO-DATE

BUILD SUCCESSFUL in 586ms
5 actionable tasks: 5 up-to-date
> Task :core:checkKotlinGradlePluginConfigurationErrors SKIPPED
> Task :core:compileKotlinJvm UP-TO-DATE
> Task :core:jvmProcessResources NO-SOURCE
> Task :core:jvmMainClasses UP-TO-DATE
> Task :core:jvmJar UP-TO-DATE
> Task :server:checkKotlinGradlePluginConfigurationErrors SKIPPED
> Task :server:compileKotlin UP-TO-DATE
> Task :server:compileJava NO-SOURCE
> Task :server:processResources UP-TO-DATE
> Task :server:classes UP-TO-DATE
> Task :server:shadowJar UP-TO-DATE

BUILD SUCCESSFUL in 698ms
5 actionable tasks: 5 up-to-date
> Task :core:checkKotlinGradlePluginConfigurationErrors SKIPPED
> Task :core:compileKotlinJvm UP-TO-DATE
> Task :core:jvmProcessResources NO-SOURCE
> Task :core:jvmMainClasses UP-TO-DATE
> Task :core:jvmJar UP-TO-DATE
> Task :server:checkKotlinGradlePluginConfigurationErrors SKIPPED
> Task :server:compileKotlin UP-TO-DATE
> Task :server:compileJava NO-SOURCE
> Task :server:processResources UP-TO-DATE
> Task :server:classes UP-TO-DATE
> Task :server:shadowJar UP-TO-DATE

BUILD SUCCESSFUL in 600ms
5 actionable tasks: 5 up-to-date
Starting a Gradle Daemon, 1 incompatible Daemon could not be reused, use --status for details
> Task :core:checkKotlinGradlePluginConfigurationErrors SKIPPED
> Task :core:compileKotlinJvm UP-TO-DATE
> Task :core:jvmProcessResources NO-SOURCE
> Task :core:jvmMainClasses UP-TO-DATE
> Task :core:jvmJar UP-TO-DATE
> Task :server:checkKotlinGradlePluginConfigurationErrors SKIPPED
> Task :server:compileKotlin UP-TO-DATE
> Task :server:compileJava NO-SOURCE
> Task :server:processResources UP-TO-DATE
> Task :server:classes UP-TO-DATE
> Task :server:shadowJar UP-TO-DATE

BUILD SUCCESSFUL in 4s
5 actionable tasks: 5 up-to-date
> Task :core:checkKotlinGradlePluginConfigurationErrors SKIPPED
> Task :core:compileKotlinJvm UP-TO-DATE
> Task :core:jvmProcessResources NO-SOURCE
> Task :core:jvmMainClasses UP-TO-DATE
> Task :core:jvmJar UP-TO-DATE
> Task :server:checkKotlinGradlePluginConfigurationErrors SKIPPED
> Task :server:compileKotlin UP-TO-DATE
> Task :server:compileJava NO-SOURCE
> Task :server:processResources UP-TO-DATE
> Task :server:classes UP-TO-DATE
> Task :server:shadowJar UP-TO-DATE

BUILD SUCCESSFUL in 773ms
5 actionable tasks: 5 up-to-date
> Task :core:checkKotlinGradlePluginConfigurationErrors SKIPPED
> Task :core:compileKotlinJvm UP-TO-DATE
> Task :core:jvmProcessResources NO-SOURCE
> Task :core:jvmMainClasses UP-TO-DATE
> Task :core:jvmJar UP-TO-DATE
> Task :server:checkKotlinGradlePluginConfigurationErrors SKIPPED
> Task :server:compileKotlin UP-TO-DATE
> Task :server:compileJava NO-SOURCE
> Task :server:processResources UP-TO-DATE
> Task :server:classes UP-TO-DATE
> Task :server:shadowJar UP-TO-DATE

BUILD SUCCESSFUL in 666ms
5 actionable tasks: 5 up-to-date
> Task :core:checkKotlinGradlePluginConfigurationErrors SKIPPED
> Task :core:compileKotlinJvm UP-TO-DATE
> Task :core:jvmProcessResources NO-SOURCE
> Task :core:jvmMainClasses UP-TO-DATE
> Task :core:jvmJar UP-TO-DATE
> Task :server:checkKotlinGradlePluginConfigurationErrors SKIPPED
> Task :server:compileKotlin UP-TO-DATE
> Task :server:compileJava NO-SOURCE
> Task :server:processResources UP-TO-DATE
> Task :server:classes UP-TO-DATE
> Task :server:jar UP-TO-DATE
> Task :server:startScripts
> Task :server:installDist

BUILD SUCCESSFUL in 1s
7 actionable tasks: 2 executed, 5 up-to-date
> Task :core:checkKotlinGradlePluginConfigurationErrors SKIPPED
> Task :core:compileKotlinJvm UP-TO-DATE
> Task :core:jvmProcessResources NO-SOURCE
> Task :core:jvmMainClasses UP-TO-DATE
> Task :core:jvmJar UP-TO-DATE
> Task :server:checkKotlinGradlePluginConfigurationErrors SKIPPED
> Task :server:compileKotlin UP-TO-DATE
> Task :server:compileJava NO-SOURCE
> Task :server:processResources UP-TO-DATE
> Task :server:classes UP-TO-DATE
> Task :server:jar UP-TO-DATE
> Task :server:startScripts UP-TO-DATE
> Task :server:installDist UP-TO-DATE

BUILD SUCCESSFUL in 661ms
7 actionable tasks: 7 up-to-date
> Task :core:checkKotlinGradlePluginConfigurationErrors SKIPPED
> Task :core:compileKotlinJvm UP-TO-DATE
> Task :core:jvmProcessResources NO-SOURCE
> Task :core:jvmMainClasses UP-TO-DATE
> Task :core:jvmJar UP-TO-DATE
> Task :server:checkKotlinGradlePluginConfigurationErrors SKIPPED
> Task :server:compileKotlin UP-TO-DATE
> Task :server:compileJava NO-SOURCE
> Task :server:processResources UP-TO-DATE
> Task :server:classes UP-TO-DATE
> Task :server:jar UP-TO-DATE
> Task :server:startScripts UP-TO-DATE
> Task :server:installDist UP-TO-DATE

BUILD SUCCESSFUL in 643ms
7 actionable tasks: 7 up-to-date
> Task :core:checkKotlinGradlePluginConfigurationErrors SKIPPED
> Task :core:compileKotlinJvm UP-TO-DATE
> Task :core:jvmProcessResources NO-SOURCE
> Task :core:jvmMainClasses UP-TO-DATE
> Task :core:jvmJar UP-TO-DATE
> Task :server:checkKotlinGradlePluginConfigurationErrors SKIPPED
> Task :server:compileKotlin UP-TO-DATE
> Task :server:compileJava NO-SOURCE
> Task :server:processResources UP-TO-DATE
> Task :server:classes UP-TO-DATE
> Task :server:jar UP-TO-DATE
> Task :server:startScripts UP-TO-DATE
> Task :server:installDist UP-TO-DATE

BUILD SUCCESSFUL in 543ms
7 actionable tasks: 7 up-to-date
> Task :core:checkKotlinGradlePluginConfigurationErrors SKIPPED
> Task :core:compileKotlinJvm UP-TO-DATE
> Task :core:jvmProcessResources NO-SOURCE
> Task :core:jvmMainClasses UP-TO-DATE
> Task :core:jvmJar UP-TO-DATE
> Task :server:checkKotlinGradlePluginConfigurationErrors SKIPPED
> Task :server:compileKotlin UP-TO-DATE
> Task :server:compileJava NO-SOURCE
> Task :server:processResources UP-TO-DATE
> Task :server:classes UP-TO-DATE
> Task :server:jar UP-TO-DATE
> Task :server:startScripts UP-TO-DATE
> Task :server:installDist UP-TO-DATE

BUILD SUCCESSFUL in 535ms
7 actionable tasks: 7 up-to-date
> Task :core:checkKotlinGradlePluginConfigurationErrors SKIPPED
> Task :core:compileKotlinJvm UP-TO-DATE
> Task :core:jvmProcessResources NO-SOURCE
> Task :core:jvmMainClasses UP-TO-DATE
> Task :core:jvmJar UP-TO-DATE
> Task :server:checkKotlinGradlePluginConfigurationErrors SKIPPED
> Task :server:compileKotlin UP-TO-DATE
> Task :server:compileJava NO-SOURCE
> Task :server:processResources UP-TO-DATE
> Task :server:classes UP-TO-DATE
> Task :server:jar UP-TO-DATE
> Task :server:startScripts UP-TO-DATE
> Task :server:installDist UP-TO-DATE

BUILD SUCCESSFUL in 621ms
7 actionable tasks: 7 up-to-date
> Task :core:checkKotlinGradlePluginConfigurationErrors SKIPPED
> Task :core:compileKotlinJvm UP-TO-DATE
> Task :core:jvmProcessResources NO-SOURCE
> Task :core:jvmMainClasses UP-TO-DATE
> Task :core:jvmJar UP-TO-DATE
> Task :server:checkKotlinGradlePluginConfigurationErrors SKIPPED
> Task :server:compileKotlin UP-TO-DATE
> Task :server:compileJava NO-SOURCE
> Task :server:processResources UP-TO-DATE
> Task :server:classes UP-TO-DATE
> Task :server:jar UP-TO-DATE
> Task :server:startScripts UP-TO-DATE
> Task :server:installDist UP-TO-DATE

BUILD SUCCESSFUL in 530ms
7 actionable tasks: 7 up-to-date
