Error: Unable to access jarfile /Users/x/Desktop/kotlin/server/build/libs/server-all.jar
2025-02-26 13:26:59.616 [main]  INFO  io.ktor.server.Application - Autoreload is disabled because the development mode is off.
Exception in thread "main" java.lang.NullPointerException: Parameter specified as non-null is null: method io.github.cotrin8672.Configuration.setChannelSecret, parameter <set-?>
	at io.github.cotrin8672.Configuration.setChannelSecret(LineWebhookSignatureValidation.kt)
	at net.sdfgsdfg.SecurityKt.configureSecurity$lambda$16$lambda$12$lambda$11(Security.kt:107)
	at io.ktor.server.application.CreatePluginUtilsKt.createRouteScopedPluginInstance(CreatePluginUtils.kt:277)
	at io.ktor.server.application.CreatePluginUtilsKt.access$createRouteScopedPluginInstance(CreatePluginUtils.kt:1)
	at io.ktor.server.application.RouteScopedPluginImpl.install(CreatePluginUtils.kt:182)
	at io.ktor.server.application.RouteScopedPluginImpl.install(CreatePluginUtils.kt:164)
	at io.ktor.server.application.ApplicationPluginKt.installIntoRoute(ApplicationPlugin.kt:168)
	at io.ktor.server.application.ApplicationPluginKt.install(ApplicationPlugin.kt:114)
	at io.ktor.server.routing.RoutingNode.install(RoutingNode.kt:90)
	at net.sdfgsdfg.SecurityKt.configureSecurity$lambda$16$lambda$12(Security.kt:106)
	at io.ktor.server.routing.RoutingBuilderKt.route(RoutingBuilder.kt:24)
	at net.sdfgsdfg.SecurityKt.configureSecurity$lambda$16(Security.kt:104)
	at io.ktor.server.routing.RoutingRootKt.routing(RoutingRoot.kt:181)
	at net.sdfgsdfg.SecurityKt.configureSecurity(Security.kt:103)
	at net.sdfgsdfg.AppKt.module(App.kt:25)
	at java.base/jdk.internal.reflect.NativeMethodAccessorImpl.invoke0(Native Method)
	at java.base/jdk.internal.reflect.NativeMethodAccessorImpl.invoke(NativeMethodAccessorImpl.java:77)
	at java.base/jdk.internal.reflect.DelegatingMethodAccessorImpl.invoke(DelegatingMethodAccessorImpl.java:43)
	at java.base/java.lang.reflect.Method.invoke(Method.java:569)
	at kotlin.reflect.jvm.internal.calls.CallerImpl$Method.callMethod(CallerImpl.kt:97)
	at kotlin.reflect.jvm.internal.calls.CallerImpl$Method$Static.call(CallerImpl.kt:106)
	at kotlin.reflect.jvm.internal.KCallableImpl.callDefaultMethod$kotlin_reflection(KCallableImpl.kt:207)
	at kotlin.reflect.jvm.internal.KCallableImpl.callBy(KCallableImpl.kt:112)
	at io.ktor.server.engine.internal.CallableUtilsKt.callFunctionWithInjection(CallableUtils.kt:120)
	at io.ktor.server.engine.internal.CallableUtilsKt.executeModuleFunction(CallableUtils.kt:36)
	at io.ktor.server.engine.EmbeddedServer.launchModuleByName$lambda$26(EmbeddedServerJvm.kt:380)
	at io.ktor.server.engine.EmbeddedServer.avoidingDoubleStartupFor(EmbeddedServerJvm.kt:404)
	at io.ktor.server.engine.EmbeddedServer.launchModuleByName(EmbeddedServerJvm.kt:379)
	at io.ktor.server.engine.EmbeddedServer.instantiateAndConfigureApplication$lambda$25(EmbeddedServerJvm.kt:367)
	at io.ktor.server.engine.EmbeddedServer.avoidingDoubleStartup(EmbeddedServerJvm.kt:386)
	at io.ktor.server.engine.EmbeddedServer.instantiateAndConfigureApplication(EmbeddedServerJvm.kt:358)
	at io.ktor.server.engine.EmbeddedServer.createApplication(EmbeddedServerJvm.kt:159)
	at io.ktor.server.engine.EmbeddedServer.start(EmbeddedServerJvm.kt:289)
	at net.sdfgsdfg.AppKt.main(App.kt:19)
	at net.sdfgsdfg.AppKt.main(App.kt)
2025-02-26 13:28:28.876 [main]  INFO  io.ktor.server.Application - Autoreload is disabled because the development mode is off.
2025-02-26 13:28:55.348 [main]  INFO  io.ktor.server.Application - Autoreload is disabled because the development mode is off.
2025-02-26 13:28:55.691 [main]  INFO  i.m.c.i.push.PushMeterRegistry - publishing metrics for LoggingMeterRegistry every 1m
2025-02-26 13:28:55.764 [main]  INFO  io.ktor.server.Application - Application started in 0.517 seconds.
Exception in thread "main" java.net.BindException: Address already in use
	at java.base/sun.nio.ch.Net.bind0(Native Method)
	at java.base/sun.nio.ch.Net.bind(Net.java:555)
	at java.base/sun.nio.ch.ServerSocketChannelImpl.netBind(ServerSocketChannelImpl.java:337)
	at java.base/sun.nio.ch.ServerSocketChannelImpl.bind(ServerSocketChannelImpl.java:294)
	at io.netty.channel.socket.nio.NioServerSocketChannel.doBind(NioServerSocketChannel.java:141)
	at io.netty.channel.AbstractChannel$AbstractUnsafe.bind(AbstractChannel.java:561)
	at io.netty.channel.DefaultChannelPipeline$HeadContext.bind(DefaultChannelPipeline.java:1281)
	at io.netty.channel.AbstractChannelHandlerContext.invokeBind(AbstractChannelHandlerContext.java:600)
	at io.netty.channel.AbstractChannelHandlerContext.bind(AbstractChannelHandlerContext.java:579)
	at io.netty.channel.DefaultChannelPipeline.bind(DefaultChannelPipeline.java:922)
	at io.netty.channel.AbstractChannel.bind(AbstractChannel.java:259)
	at io.netty.bootstrap.AbstractBootstrap$2.run(AbstractBootstrap.java:380)
	at io.netty.util.concurrent.AbstractEventExecutor.runTask(AbstractEventExecutor.java:173)
	at io.netty.util.concurrent.AbstractEventExecutor.safeExecute(AbstractEventExecutor.java:166)
	at io.netty.util.concurrent.SingleThreadEventExecutor.runAllTasks(SingleThreadEventExecutor.java:472)
	at io.netty.channel.nio.NioEventLoop.run(NioEventLoop.java:569)
	at io.netty.util.concurrent.SingleThreadEventExecutor$4.run(SingleThreadEventExecutor.java:997)
	at io.netty.util.internal.ThreadExecutorMap$2.run(ThreadExecutorMap.java:74)
	at io.netty.util.concurrent.FastThreadLocalRunnable.run(FastThreadLocalRunnable.java:30)
	at java.base/java.lang.Thread.run(Thread.java:840)
